cubeRamp/Library/Bee/Android/Prj/IL2CPP/Gradle/launcher/build/intermediates/manifest_merge_blame_file/debug/manifest-merger-blame-debug-report.txt
1<?xml version="1.0" encoding="utf-8"?>
2<manifest xmlns:android="http://schemas.android.com/apk/res/android"
3    package="com.DefaultCompany.cubeRamp"
4    android:installLocation="auto"
5    android:versionCode="1"
6    android:versionName="0.1" >
7
8    <uses-sdk
9        android:minSdkVersion="29"
9-->src\main\AndroidManifest.xml
10        android:targetSdkVersion="32" />
10-->src\main\AndroidManifest.xml
11
12    <supports-screens
12-->src\main\AndroidManifest.xml:4:3-163
13        android:anyDensity="true"
13-->src\main\AndroidManifest.xml:4:135-160
14        android:largeScreens="true"
14-->src\main\AndroidManifest.xml:4:78-105
15        android:normalScreens="true"
15-->src\main\AndroidManifest.xml:4:49-77
16        android:smallScreens="true"
16-->src\main\AndroidManifest.xml:4:21-48
17        android:xlargeScreens="true" />
17-->src\main\AndroidManifest.xml:4:106-134
18
19    <uses-permission android:name="android.permission.INTERNET" />
19-->[:unityLibrary] AndroidManifest.xml:11:5-67
19-->[:unityLibrary] AndroidManifest.xml:11:22-64
20    <uses-permission android:name="android.permission.ACCESS_NETWORK_STATE" />
20-->[:unityLibrary] AndroidManifest.xml:12:5-79
20-->[:unityLibrary] AndroidManifest.xml:12:22-76
21    <uses-permission android:name="android.permission.RECORD_AUDIO" />
21-->[:unityLibrary] AndroidManifest.xml:13:5-71
21-->[:unityLibrary] AndroidManifest.xml:13:22-68
22    <uses-permission android:name="android.permission.MODIFY_AUDIO_SETTINGS" />
22-->[:unityLibrary] AndroidManifest.xml:14:5-80
22-->[:unityLibrary] AndroidManifest.xml:14:22-77
23
24    <uses-feature android:glEsVersion="0x00030000" />
24-->[:unityLibrary] AndroidManifest.xml:16:5-54
24-->[:unityLibrary] AndroidManifest.xml:16:19-51
25    <uses-feature
25-->[:unityLibrary] AndroidManifest.xml:17:5-19:36
26        android:name="android.hardware.vulkan.version"
26-->[:unityLibrary] AndroidManifest.xml:18:9-55
27        android:required="false" />
27-->[:unityLibrary] AndroidManifest.xml:19:9-33
28    <uses-feature
28-->[:unityLibrary] AndroidManifest.xml:20:5-22:36
29        android:name="android.hardware.microphone"
29-->[:unityLibrary] AndroidManifest.xml:21:9-51
30        android:required="false" />
30-->[:unityLibrary] AndroidManifest.xml:22:9-33
31    <uses-feature
31-->[:unityLibrary] AndroidManifest.xml:23:5-25:36
32        android:name="android.hardware.touchscreen"
32-->[:unityLibrary] AndroidManifest.xml:24:9-52
33        android:required="false" />
33-->[:unityLibrary] AndroidManifest.xml:25:9-33
34    <uses-feature
34-->[:unityLibrary] AndroidManifest.xml:26:5-28:36
35        android:name="android.hardware.touchscreen.multitouch"
35-->[:unityLibrary] AndroidManifest.xml:27:9-63
36        android:required="false" />
36-->[:unityLibrary] AndroidManifest.xml:28:9-33
37    <uses-feature
37-->[:unityLibrary] AndroidManifest.xml:29:5-31:36
38        android:name="android.hardware.touchscreen.multitouch.distinct"
38-->[:unityLibrary] AndroidManifest.xml:30:9-72
39        android:required="false" />
39-->[:unityLibrary] AndroidManifest.xml:31:9-33
40    <uses-feature
40-->[:unityLibrary] AndroidManifest.xml:32:5-35:31
41        android:name="android.hardware.vr.headtracking"
41-->[:unityLibrary] AndroidManifest.xml:33:9-56
42        android:required="true"
42-->[:unityLibrary] AndroidManifest.xml:34:9-32
43        android:version="1" />
43-->[:unityLibrary] AndroidManifest.xml:35:9-28
44    <uses-feature
44-->[:unityLibrary] AndroidManifest.xml:36:5-38:35
45        android:name="oculus.software.handtracking"
45-->[:unityLibrary] AndroidManifest.xml:37:9-52
46        android:required="true" />
46-->[:unityLibrary] AndroidManifest.xml:38:9-32
47
48    <uses-permission android:name="com.oculus.permission.HAND_TRACKING" />
48-->[:unityLibrary] AndroidManifest.xml:40:5-75
48-->[:unityLibrary] AndroidManifest.xml:40:22-72
49
50    <application
50-->src\main\AndroidManifest.xml:3:3-83
51        android:allowBackup="false"
51-->[:unityLibrary] AndroidManifest.xml:43:9-36
52        android:debuggable="true"
53        android:extractNativeLibs="true"
53-->[:unityLibrary] AndroidManifest.xml:44:9-41
54        android:icon="@mipmap/app_icon"
54-->src\main\AndroidManifest.xml:3:49-80
55        android:label="@string/app_name"
55-->src\main\AndroidManifest.xml:3:16-48
56        android:networkSecurityConfig="@xml/network_sec_config" >
56-->[:unityLibrary] AndroidManifest.xml:47:9-64
57        <meta-data
57-->[:unityLibrary] AndroidManifest.xml:48:9-50:33
58            android:name="unity.splash-mode"
58-->[:unityLibrary] AndroidManifest.xml:49:13-45
59            android:value="0" />
59-->[:unityLibrary] AndroidManifest.xml:50:13-30
60        <meta-data
60-->[:unityLibrary] AndroidManifest.xml:51:9-53:36
61            android:name="unity.splash-enable"
61-->[:unityLibrary] AndroidManifest.xml:52:13-47
62            android:value="True" />
62-->[:unityLibrary] AndroidManifest.xml:53:13-33
63        <meta-data
63-->[:unityLibrary] AndroidManifest.xml:54:9-56:36
64            android:name="unity.launch-fullscreen"
64-->[:unityLibrary] AndroidManifest.xml:55:13-51
65            android:value="True" />
65-->[:unityLibrary] AndroidManifest.xml:56:13-33
66        <meta-data
66-->[:unityLibrary] AndroidManifest.xml:57:9-59:37
67            android:name="unity.allow-resizable-window"
67-->[:unityLibrary] AndroidManifest.xml:58:13-56
68            android:value="False" />
68-->[:unityLibrary] AndroidManifest.xml:59:13-34
69        <meta-data
69-->[:unityLibrary] AndroidManifest.xml:60:9-62:50
70            android:name="notch.config"
70-->[:unityLibrary] AndroidManifest.xml:61:13-40
71            android:value="portrait|landscape" />
71-->[:unityLibrary] AndroidManifest.xml:62:13-47
72        <meta-data
72-->[:unityLibrary] AndroidManifest.xml:63:9-65:36
73            android:name="unity.auto-report-fully-drawn"
73-->[:unityLibrary] AndroidManifest.xml:64:13-57
74            android:value="true" />
74-->[:unityLibrary] AndroidManifest.xml:65:13-33
75
76        <activity
76-->[:unityLibrary] AndroidManifest.xml:67:9-93:20
77            android:name="com.unity3d.player.UnityPlayerActivity"
77-->[:unityLibrary] AndroidManifest.xml:68:13-66
78            android:configChanges="keyboard|keyboardHidden|navigation|orientation|screenLayout|screenSize|uiMode|density"
78-->[:unityLibrary] AndroidManifest.xml:69:13-122
79            android:exported="true"
79-->[:unityLibrary] AndroidManifest.xml:70:13-36
80            android:hardwareAccelerated="false"
80-->[:unityLibrary] AndroidManifest.xml:71:13-48
81            android:launchMode="singleTask"
81-->[:unityLibrary] AndroidManifest.xml:72:13-44
82            android:resizeableActivity="false"
82-->[:unityLibrary] AndroidManifest.xml:73:13-47
83            android:screenOrientation="landscape"
83-->[:unityLibrary] AndroidManifest.xml:74:13-50
84            android:theme="@android:style/Theme.Black.NoTitleBar.Fullscreen" >
84-->[:unityLibrary] AndroidManifest.xml:75:13-77
85            <intent-filter>
85-->[:unityLibrary] AndroidManifest.xml:76:13-82:29
86                <category android:name="android.intent.category.LAUNCHER" />
86-->[:unityLibrary] AndroidManifest.xml:77:17-77
86-->[:unityLibrary] AndroidManifest.xml:77:27-74
87
88                <action android:name="android.intent.action.MAIN" />
88-->[:unityLibrary] AndroidManifest.xml:79:17-69
88-->[:unityLibrary] AndroidManifest.xml:79:25-66
89
90                <category android:name="com.oculus.intent.category.VR" />
90-->[:unityLibrary] AndroidManifest.xml:81:17-74
90-->[:unityLibrary] AndroidManifest.xml:81:27-71
91            </intent-filter>
92
93            <meta-data
93-->[:unityLibrary] AndroidManifest.xml:84:13-86:40
94                android:name="unityplayer.UnityActivity"
94-->[:unityLibrary] AndroidManifest.xml:85:17-57
95                android:value="true" />
95-->[:unityLibrary] AndroidManifest.xml:86:17-37
96            <meta-data
96-->[:unityLibrary] AndroidManifest.xml:87:13-89:40
97                android:name="notch_support"
97-->[:unityLibrary] AndroidManifest.xml:88:17-45
98                android:value="true" />
98-->[:unityLibrary] AndroidManifest.xml:89:17-37
99            <meta-data
99-->[:unityLibrary] AndroidManifest.xml:90:13-92:40
100                android:name="com.oculus.vr.focusaware"
100-->[:unityLibrary] AndroidManifest.xml:91:17-56
101                android:value="true" />
101-->[:unityLibrary] AndroidManifest.xml:92:17-37
102        </activity>
103
104        <meta-data
104-->[:unityLibrary] AndroidManifest.xml:95:9-97:35
105            android:name="com.oculus.handtracking.frequency"
105-->[:unityLibrary] AndroidManifest.xml:96:13-61
106            android:value="LOW" />
106-->[:unityLibrary] AndroidManifest.xml:97:13-32
107        <meta-data
107-->[:unityLibrary] AndroidManifest.xml:98:9-100:39
108            android:name="com.samsung.android.vr.application.mode"
108-->[:unityLibrary] AndroidManifest.xml:99:13-67
109            android:value="vr_only" />
109-->[:unityLibrary] AndroidManifest.xml:100:13-36
110        <meta-data
110-->[:unityLibrary] AndroidManifest.xml:101:9-103:37
111            android:name="com.unity.xr.oculus.LowOverheadMode"
111-->[:unityLibrary] AndroidManifest.xml:102:13-63
112            android:value="false" />
112-->[:unityLibrary] AndroidManifest.xml:103:13-34
113        <meta-data
113-->[:unityLibrary] AndroidManifest.xml:104:9-106:37
114            android:name="com.unity.xr.oculus.LateLatching"
114-->[:unityLibrary] AndroidManifest.xml:105:13-60
115            android:value="false" />
115-->[:unityLibrary] AndroidManifest.xml:106:13-34
116        <meta-data
116-->[:unityLibrary] AndroidManifest.xml:107:9-109:37
117            android:name="com.unity.xr.oculus.LateLatchingDebug"
117-->[:unityLibrary] AndroidManifest.xml:108:13-65
118            android:value="false" />
118-->[:unityLibrary] AndroidManifest.xml:109:13-34
119        <meta-data
119-->[:unityLibrary] AndroidManifest.xml:110:9-112:38
120            android:name="com.oculus.supportedDevices"
120-->[:unityLibrary] AndroidManifest.xml:111:13-55
121            android:value="quest2" />
121-->[:unityLibrary] AndroidManifest.xml:112:13-35
122    </application>
123
124</manifest>